<?xml version="1.0" encoding="UTF-8"?>
<!-- Generated by org.testng.reporters.JUnitXMLReporter -->
<testsuite hostname="gaowenjuandeMacBook-Pro.local" ignored="0" name="Test" tests="1" failures="1" timestamp="13 三月 2021 08:55:01 GMT" time="48.947" errors="0">
  <testcase name="Search_Case" time="0.005" classname="com.gao.Case.SearchCase">
    <failure type="java.lang.ArrayIndexOutOfBoundsException" message="1">
      <![CDATA[java.lang.ArrayIndexOutOfBoundsException: 1
at com.gao.Page.BasePage.GetElementLocator(BasePage.java:56)
at com.gao.Page.BasePage.GetElementKey(BasePage.java:40)
at com.gao.Page.SearchPage.GetsearchEle(SearchPage.java:16)
at com.gao.Handle.SearchHandle.SendKeysearchEle(SearchHandle.java:21)
at com.gao.Case.SearchCase.Search_Case(SearchCase.java:55)
... Removed 25 stack frames]]>
    </failure>
  </testcase> <!-- Search_Case -->
</testsuite> <!-- Test -->
