<?xml version="1.0" encoding="UTF-8"?>
<testng-results skipped="0" failed="0" ignored="0" total="1" passed="1">
  <reporter-output>
  </reporter-output>
  <suite name="Suite" duration-ms="143636" started-at="2021-03-09T14:52:26Z" finished-at="2021-03-09T14:54:50Z">
    <groups>
    </groups>
    <test name="Test" duration-ms="143636" started-at="2021-03-09T14:52:26Z" finished-at="2021-03-09T14:54:50Z">
      <class name="com.gao.Case.SearchCase">
        <test-method status="PASS" signature="beforeTest(java.lang.String, java.lang.String, java.lang.String, java.lang.String)[pri:0, instance:com.gao.Case.SearchCase@79b06cab]" name="beforeTest" is-config="true" duration-ms="39775" started-at="2021-03-09T14:52:26Z" finished-at="2021-03-09T14:53:06Z">
          <params>
            <param index="0">
              <value>
                <![CDATA[https://www.douban.com/]]>
              </value>
            </param>
            <param index="1">
              <value>
                <![CDATA[chrome]]>
              </value>
            </param>
            <param index="2">
              <value>
                <![CDATA[15757118203]]>
              </value>
            </param>
            <param index="3">
              <value>
                <![CDATA[Gyx932356467]]>
              </value>
            </param>
          </params>
          <reporter-output>
          </reporter-output>
        </test-method> <!-- beforeTest -->
        <test-method status="PASS" signature="Search_Case(java.lang.String)[pri:0, instance:com.gao.Case.SearchCase@79b06cab]" name="Search_Case" duration-ms="55708" started-at="2021-03-09T14:53:07Z" data-provider="searchData" finished-at="2021-03-09T14:54:02Z">
          <params>
            <param index="0">
              <value>
                <![CDATA[软件测试]]>
              </value>
            </param>
          </params>
          <reporter-output>
          </reporter-output>
        </test-method> <!-- Search_Case -->
        <test-method status="PASS" signature="afterTest()[pri:0, instance:com.gao.Case.SearchCase@79b06cab]" name="afterTest" is-config="true" duration-ms="47558" started-at="2021-03-09T14:54:02Z" finished-at="2021-03-09T14:54:50Z">
          <reporter-output>
          </reporter-output>
        </test-method> <!-- afterTest -->
      </class> <!-- com.gao.Case.SearchCase -->
    </test> <!-- Test -->
  </suite> <!-- Suite -->
</testng-results>
